<?xml version="1.0" encoding="UTF-8"?>
<testng-results ignored="0" total="1" passed="1" failed="0" skipped="0">
  <reporter-output>
  </reporter-output>
  <suite started-at="2022-04-05T13:26:18 IST" name="Default suite" finished-at="2022-04-05T13:26:29 IST" duration-ms="10956">
    <groups>
    </groups>
    <test started-at="2022-04-05T13:26:18 IST" name="Default test" finished-at="2022-04-05T13:26:29 IST" duration-ms="10956">
      <class name="multipleWindows.implementation">
        <test-method is-config="true" signature="getDriver()[pri:0, instance:multipleWindows.implementation@72e5a8e]" started-at="2022-04-05T13:26:18 IST" name="getDriver" finished-at="2022-04-05T13:26:21 IST" duration-ms="2579" status="PASS">
          <reporter-output>
          </reporter-output>
        </test-method> <!-- getDriver -->
        <test-method signature="implement()[pri:0, instance:multipleWindows.implementation@72e5a8e]" started-at="2022-04-05T13:26:21 IST" name="implement" finished-at="2022-04-05T13:26:29 IST" duration-ms="8352" status="PASS">
          <reporter-output>
          </reporter-output>
        </test-method> <!-- implement -->
        <test-method is-config="true" signature="end()[pri:0, instance:multipleWindows.implementation@72e5a8e]" started-at="2022-04-05T13:26:29 IST" name="end" finished-at="2022-04-05T13:26:29 IST" duration-ms="0" status="PASS">
          <reporter-output>
          </reporter-output>
        </test-method> <!-- end -->
      </class> <!-- multipleWindows.implementation -->
    </test> <!-- Default test -->
  </suite> <!-- Default suite -->
</testng-results>
